<?xml version="1.0" encoding="UTF-8"?>
<!-- Generated by org.testng.reporters.JUnitReportReporter -->
<testsuite hostname="TTR358" failures="0" tests="1" name="mavenJava.TravellerTest" time="26.853" errors="0" timestamp="2020-05-21T00:00:35 IST" skipped="0">
  <testcase classname="mavenJava.TravellerTest" name="TravellerTest" time="26.853"/>
  <system-out/>
</testsuite> <!-- mavenJava.TravellerTest -->
