<?xml version="1.0" encoding="UTF-8"?>
<!-- Generated by org.testng.reporters.JUnitReportReporter -->
<testsuite hostname="TTR358" failures="0" tests="3" name="mavenJava.PositiveTest" time="46.464" errors="0" timestamp="2020-05-05T21:38:52 IST" skipped="0">
  <testcase classname="mavenJava.PositiveTest" name="ItmLinkTest" time="15.881"/>
  <system-out/>
  <testcase classname="mavenJava.PositiveTest" name="LogoutTest" time="16.704"/>
  <system-out/>
  <testcase classname="mavenJava.PositiveTest" name="TestNg" time="13.879"/>
  <system-out/>
</testsuite> <!-- mavenJava.PositiveTest -->
