<?xml version="1.0" encoding="UTF-8"?>
<!-- Generated by org.testng.reporters.JUnitReportReporter -->
<testsuite hostname="TTR358" failures="0" tests="1" name="mavenJava.NegativeTest" time="14.793" errors="0" timestamp="2020-05-05T21:38:52 IST" skipped="0">
  <testcase classname="mavenJava.NegativeTest" name="negativetest" time="14.793"/>
  <system-out/>
</testsuite> <!-- mavenJava.NegativeTest -->
